<?xml version="1.0" encoding="UTF-8"?>
<!-- Generated by org.testng.reporters.JUnitReportReporter -->
<testsuite skipped="0" hostname="Aarya" name="com.testng.practice.InitialiseBrowser" tests="1" failures="0" timestamp="2022-03-14T16:19:37 IST" time="10.362" errors="0">
  <testcase name="speedwaytechUrlValidation" time="10.362" classname="com.testng.practice.InitialiseBrowser"/>
  <system-out/>
</testsuite> <!-- com.testng.practice.InitialiseBrowser -->
