<?xml version="1.0" encoding="UTF-8"?>
<!-- Generated by org.testng.reporters.JUnitReportReporter -->
<testsuite skipped="0" hostname="Aarya" name="com.testng.practice.FirstTest" tests="1" failures="0" timestamp="2022-03-13T22:14:04 IST" time="48.413" errors="0">
  <testcase name="speedwaytechUrlValidation" time="48.413" classname="com.testng.practice.FirstTest"/>
  <system-out/>
</testsuite> <!-- com.testng.practice.FirstTest -->
