<?xml version="1.0" encoding="UTF-8"?>
<!-- Generated by org.testng.reporters.JUnitReportReporter -->
<testsuite skipped="0" hostname="Aarya" name="com.testng.practice.SecondTest" tests="2" failures="0" timestamp="2022-03-14T16:19:37 IST" time="28.729" errors="0">
  <testcase name="orangeHrmTitleValidateUrl" time="10.658" classname="com.testng.practice.SecondTest"/>
  <system-out/>
  <testcase name="loginWebsite" time="18.071" classname="com.testng.practice.SecondTest"/>
  <system-out/>
</testsuite> <!-- com.testng.practice.SecondTest -->
