<?xml version="1.0" encoding="UTF-8"?>
<!-- Generated by org.testng.reporters.JUnitReportReporter -->
<testsuite skipped="0" hostname="Aarya" name="configProperitiesPractice.LoginTest" tests="1" failures="0" timestamp="2022-03-14T11:26:09 IST" time="50.351" errors="0">
  <testcase name="loginWebsite" time="50.351" classname="configProperitiesPractice.LoginTest"/>
  <system-out/>
</testsuite> <!-- configProperitiesPractice.LoginTest -->
